19:12:40.475 INFO  - Processing command line option -hwspec D:/zoby1/lab1/lab1.sdk/SDK/SDK_Export/hw/system.xml. 
19:22:32.779 ERROR - Unable to load properties file .sdkproject for project mem_test_bsp. 
19:22:32.781 ERROR - Unable to load properties file .sdkproject for project mem_test_bsp. 
19:25:38.013 ERROR - Unable to load properties file .sdkproject for project mem_test_bsp. 
19:25:38.016 ERROR - Unable to read in MSS file D:\zoby1\lab1\lab1.sdk\SDK\SDK_Export\mem_test_bsp\unknown.mss. 
19:25:38.040 ERROR - Unable to load properties file .sdkproject for project mem_test_bsp. 
19:25:38.041 ERROR - Unable to read in MSS file D:\zoby1\lab1\lab1.sdk\SDK\SDK_Export\mem_test_bsp\unknown.mss. 
19:40:18.772 INFO  - Processor reset is completed for ps7_cortexa9_0 
19:40:18.993 INFO  - PS initialization will be done as it is not done before. 
19:40:18.994 INFO  - Running PS initialization.... 
19:40:19.215 INFO  - ps7_init is completed. 
19:40:19.315 INFO  - PS Initialization is complete. 
19:41:30.809 INFO  - ps7_cortexa9_0 Processor is in use. Please stop existing Run or Debug sessions before launching. 
19:42:00.452 INFO  - ps7_cortexa9_0 Processor is in use. Please stop existing Run or Debug sessions before launching. 
19:42:48.157 INFO  - ps7_cortexa9_0 Processor is in use. Please stop existing Run or Debug sessions before launching. 
19:44:08.720 INFO  - ps7_cortexa9_0 Processor is in use. Please stop existing Run or Debug sessions before launching. 
19:46:23.117 INFO  - ps7_cortexa9_0 Processor is in use. Please stop existing Run or Debug sessions before launching. 
19:46:48.475 ERROR - Unexpected error while launching program. java.lang.RuntimeException: Unable to Stop Processor. System could be in unknown state.
Please reset the system
Unknown Error Occured
    

	at com.xilinx.sdk.targetmanager.internal.TM.stop(Unknown Source)
	at com.xilinx.sdk.targetmanager.internal.CPURunSession.terminate(Unknown Source)

19:47:16.022 INFO  - ps7_cortexa9_0 Processor is in use. Please stop existing Run or Debug sessions before launching. 
19:47:20.465 ERROR - Unexpected error while launching program. java.lang.RuntimeException: No Active System

	at com.xilinx.sdk.targetmanager.internal.TM.stop(Unknown Source)
	at com.xilinx.sdk.targetmanager.internal.CPURunSession.terminate(Unknown Source)

19:48:14.190 ERROR - Unexpected error while parsing XMD response ?: com.google.gson.JsonSyntaxException: com.google.gson.stream.MalformedJsonException: invalid number or unquoted string near  
19:48:21.938 INFO  - Processing command line option -hwspec D:/zoby1/lab1/lab1.sdk/SDK/SDK_Export/hw/system.xml. 
19:48:47.004 ERROR - Unexpected error while launching program. java.lang.RuntimeException: Error in Resetting Target

    Could not stop the processor after reset


	at com.xilinx.sdk.targetmanager.internal.TM.doProcessorReset(Unknown Source)
	at com.xilinx.sdk.debug.core.internal.AppRunner.run(Unknown Source)

19:49:30.601 ERROR - Unexpected error while launching program. java.lang.RuntimeException: Error in Resetting Target

    Could not stop the processor after reset


	at com.xilinx.sdk.targetmanager.internal.TM.doProcessorReset(Unknown Source)
	at com.xilinx.sdk.debug.core.internal.AppRunner.run(Unknown Source)

19:51:20.709 ERROR - Unexpected error while launching program. java.lang.RuntimeException: Error in Resetting Target

    Could not stop the processor after reset


	at com.xilinx.sdk.targetmanager.internal.TM.doProcessorReset(Unknown Source)
	at com.xilinx.sdk.debug.core.internal.AppRunner.run(Unknown Source)

19:52:49.102 ERROR - Unexpected error while launching program. com.xilinx.sdk.targetmanager.TMException: 
    Failed to Open JTAG Cable
    Cable target is not connected to the host

	at com.xilinx.sdk.targetmanager.internal.TM.connectToProcessor(Unknown Source)
	at com.xilinx.sdk.debug.core.internal.AppRunner.run(Unknown Source)

19:53:09.983 ERROR - Port COM4 is already in use. 
19:53:10.353 INFO  - Processor reset is completed for ps7_cortexa9_0 
19:53:10.453 INFO  - PS initialization will be done as it is not done before. 
19:53:10.453 INFO  - Running PS initialization.... 
19:53:10.738 INFO  - ps7_init is completed. 
19:53:10.838 INFO  - PS Initialization is complete. 
19:53:51.363 INFO  - ps7_cortexa9_0 Processor is in use. Please stop existing Run or Debug sessions before launching. 
19:54:06.430 ERROR - Port COM4 is already in use. 
19:54:06.702 INFO  - Processor reset is completed for ps7_cortexa9_0 
19:54:15.039 INFO  - ps7_cortexa9_0 Processor is in use. Please stop existing Run or Debug sessions before launching. 
19:55:38.268 INFO  - ps7_cortexa9_0 Processor is in use. Please stop existing Run or Debug sessions before launching. 
19:55:41.984 ERROR - Port COM4 is already in use. 
19:55:42.374 INFO  - Processor reset is completed for ps7_cortexa9_0 
19:59:10.249 INFO  - ps7_cortexa9_0 Processor is in use. Please stop existing Run or Debug sessions before launching. 
19:59:44.529 ERROR - Unable to disconnect from existing targets java.lang.NullPointerException
	at com.xilinx.sdk.targetmanager.internal.json.XMDJSONProcess.issueCommand(Unknown Source)
	at com.xilinx.sdk.targetmanager.internal.TM.disconnectTarget(Unknown Source)

19:59:44.596 ERROR - Unexpected error while fetching XMD's response:  java.net.SocketException: Connection reset
	at java.net.SocketInputStream.read(Unknown Source)
	at sun.nio.cs.StreamDecoder.readBytes(Unknown Source)

19:59:44.597 ERROR - Zero sized response read from XMD. This indicates a communication error or a programming error. 
20:02:29.779 INFO  - Processing command line option -hwspec D:/zoby1/lab1/lab1.sdk/SDK/SDK_Export/hw/system.xml. 
20:02:30.873 INFO  - The hardware specification for project 'hw_platform_0' is different from D:/zoby1/lab1/lab1.sdk/SDK/SDK_Export/hw/system.xml. 
20:02:30.938 INFO  - Copied contents of D:/zoby1/lab1/lab1.sdk/SDK/SDK_Export/hw/system.xml into \hw_platform_0\system.xml. 
20:02:31.007 INFO  - Copied contents of D:\zoby1\lab1\lab1.sdk\SDK\SDK_Export\hw\ps7_init.c into \hw_platform_0\ps7_init.c. 
20:02:31.009 INFO  - Copied contents of D:\zoby1\lab1\lab1.sdk\SDK\SDK_Export\hw\ps7_init.h into \hw_platform_0\ps7_init.h. 
20:02:31.015 INFO  - Copied contents of D:\zoby1\lab1\lab1.sdk\SDK\SDK_Export\hw\ps7_init.html into \hw_platform_0\ps7_init.html. 
20:02:31.017 INFO  - Copied contents of D:\zoby1\lab1\lab1.sdk\SDK\SDK_Export\hw\ps7_summary.html into \hw_platform_0\ps7_summary.html. 
20:02:31.019 INFO  - Copied contents of D:\zoby1\lab1\lab1.sdk\SDK\SDK_Export\hw\ps7_init.tcl into \hw_platform_0\ps7_init.tcl. 
20:02:31.180 INFO  - Synchronizing projects in the workspace with the hardware platform specification changes. 
20:02:33.183 INFO  - Updating hardware inferred compiler options for mem_test. 
20:02:33.188 INFO  - Clearing existing target manager status. 
20:08:00.471 INFO  - Processor reset is completed for ps7_cortexa9_0 
20:08:00.571 INFO  - PS initialization will be done as it is not done before. 
20:08:00.571 INFO  - Running PS initialization.... 
20:08:00.786 INFO  - ps7_init is completed. 
20:08:00.886 INFO  - PS Initialization is complete. 
20:10:25.014 INFO  - Processor reset is completed for ps7_cortexa9_0 
20:10:25.114 INFO  - PS initialization will be done as it is not done before. 
20:10:25.114 INFO  - Running PS initialization.... 
20:10:25.340 INFO  - ps7_init is completed. 
20:10:25.440 INFO  - PS Initialization is complete. 
20:11:03.245 INFO  - ps7_cortexa9_0 Processor is in use. Please stop existing Run or Debug sessions before launching. 
20:11:08.700 INFO  - Processor reset is completed for ps7_cortexa9_0 
20:11:19.020 INFO  - ps7_cortexa9_0 Processor is in use. Please stop existing Run or Debug sessions before launching. 
20:12:46.133 INFO  - ps7_cortexa9_0 Processor is in use. Please stop existing Run or Debug sessions before launching. 
20:12:48.293 INFO  - Processor reset is completed for ps7_cortexa9_0 
20:13:12.447 INFO  - ps7_cortexa9_0 Processor is in use. Please stop existing Run or Debug sessions before launching. 
20:16:39.900 INFO  - ps7_cortexa9_0 Processor is in use. Please stop existing Run or Debug sessions before launching. 
20:18:56.213 INFO  - ps7_cortexa9_0 Processor is in use. Please stop existing Run or Debug sessions before launching. 
20:18:58.336 INFO  - Processor reset is completed for ps7_cortexa9_0 
20:24:19.568 ERROR - Unable to disconnect from existing targets java.lang.NullPointerException
	at com.xilinx.sdk.targetmanager.internal.json.XMDJSONProcess.issueCommand(Unknown Source)
	at com.xilinx.sdk.targetmanager.internal.TM.disconnectTarget(Unknown Source)

20:24:19.668 ERROR - Unexpected error while parsing XMD response ?: com.google.gson.JsonSyntaxException: com.google.gson.stream.MalformedJsonException: invalid number or unquoted string near  
20:27:08.240 INFO  - Processing command line option -hwspec D:/zoby1/lab1/lab1.sdk/SDK/SDK_Export/hw/system.xml. 
20:27:09.502 INFO  - The hardware specification for project 'hw_platform_0' is different from D:/zoby1/lab1/lab1.sdk/SDK/SDK_Export/hw/system.xml. 
20:27:09.571 INFO  - Copied contents of D:/zoby1/lab1/lab1.sdk/SDK/SDK_Export/hw/system.xml into \hw_platform_0\system.xml. 
20:27:09.646 INFO  - Copied contents of D:\zoby1\lab1\lab1.sdk\SDK\SDK_Export\hw\ps7_init.c into \hw_platform_0\ps7_init.c. 
20:27:09.647 INFO  - Copied contents of D:\zoby1\lab1\lab1.sdk\SDK\SDK_Export\hw\ps7_init.h into \hw_platform_0\ps7_init.h. 
20:27:09.653 INFO  - Copied contents of D:\zoby1\lab1\lab1.sdk\SDK\SDK_Export\hw\ps7_init.html into \hw_platform_0\ps7_init.html. 
20:27:09.655 INFO  - Copied contents of D:\zoby1\lab1\lab1.sdk\SDK\SDK_Export\hw\ps7_summary.html into \hw_platform_0\ps7_summary.html. 
20:27:09.657 INFO  - Copied contents of D:\zoby1\lab1\lab1.sdk\SDK\SDK_Export\hw\ps7_init.tcl into \hw_platform_0\ps7_init.tcl. 
20:27:09.952 INFO  - Synchronizing projects in the workspace with the hardware platform specification changes. 
20:27:36.692 INFO  - Updating hardware inferred compiler options for mem_test. 
20:27:36.711 INFO  - Clearing existing target manager status. 
20:30:31.804 ERROR - Unexpected error while launching program. java.lang.RuntimeException: Error in Resetting Target

    Could not stop the processor after reset


	at com.xilinx.sdk.targetmanager.internal.TM.doProcessorReset(Unknown Source)
	at com.xilinx.sdk.debug.core.internal.AppRunner.run(Unknown Source)

20:33:28.684 ERROR - Unexpected error while launching program. java.lang.RuntimeException: Error in Resetting Target

    Could not stop the processor after reset


	at com.xilinx.sdk.targetmanager.internal.TM.doProcessorReset(Unknown Source)
	at com.xilinx.sdk.debug.core.XilinxAppLaunchConfigurationDelegate.debugApplication(Unknown Source)

20:33:46.497 ERROR - Unexpected error while parsing XMD response ?: com.google.gson.JsonSyntaxException: com.google.gson.stream.MalformedJsonException: invalid number or unquoted string near  
20:33:52.722 INFO  - Processing command line option -hwspec D:/zoby1/lab1/lab1.sdk/SDK/SDK_Export/hw/system.xml. 
20:34:36.860 ERROR - Unexpected error while launching program. java.lang.RuntimeException: Error in Resetting Target

    Could not stop the processor after reset


	at com.xilinx.sdk.targetmanager.internal.TM.doProcessorReset(Unknown Source)
	at com.xilinx.sdk.debug.core.internal.AppRunner.run(Unknown Source)

20:35:36.111 INFO  - Time out for XMD transaction is 60000
If you want to increase the timeout value, goto Windows-> Preferences -> Xilinx SDK -> XMD Startup 
20:35:36.111 ERROR - Timeout occured while waiting to get reply for command "set_cur_system" 
20:35:36.116 ERROR - Unexpected error while launching program. java.lang.RuntimeException: Error while disabling cross triggering : No Active System
    

	at com.xilinx.sdk.targetmanager.internal.TM.disableCrossTrigger(Unknown Source)
	at com.xilinx.sdk.debug.core.XilinxAppLaunchConfigurationDelegate.debugApplication(Unknown Source)

20:36:36.208 ERROR - Unexpected error while parsing XMD response ?: com.google.gson.JsonSyntaxException: com.google.gson.stream.MalformedJsonException: invalid number or unquoted string near  
