Copyright 1986-2014 Xilinx, Inc. All Rights Reserved.
-------------------------------------------------------------------------------------------
| Tool Version : Vivado v.2014.4 (win64) Build 1071353 Tue Nov 18 18:24:04 MST 2014
| Date         : Thu Jun 25 22:32:08 2015
| Host         : USER-20120726WN running 64-bit Service Pack 1  (build 7601)
| Command      : report_control_sets -verbose -file system_wrapper_control_sets_placed.rpt
| Design       : system_wrapper
| Device       : xc7z010
-------------------------------------------------------------------------------------------

Control Set Information

Table of Contents
-----------------
1. Summary
2. Flip-Flop Distribution
3. Detailed Control Set Information

1. Summary
----------

+-------------------------------------------------------------------+-------+
|                               Status                              | Count |
+-------------------------------------------------------------------+-------+
| Number of unique control sets                                     |    41 |
| Minimum Number of register sites lost to control set restrictions |   103 |
+-------------------------------------------------------------------+-------+


2. Flip-Flop Distribution
-------------------------

+--------------+-----------------------+------------------------+-----------------+--------------+
| Clock Enable | Synchronous Set/Reset | Asynchronous Set/Reset | Total Registers | Total Slices |
+--------------+-----------------------+------------------------+-----------------+--------------+
| No           | No                    | No                     |             160 |           57 |
| No           | No                    | Yes                    |               0 |            0 |
| No           | Yes                   | No                     |             136 |           40 |
| Yes          | No                    | No                     |             416 |           91 |
| Yes          | No                    | Yes                    |               0 |            0 |
| Yes          | Yes                   | No                     |              49 |           15 |
+--------------+-----------------------+------------------------+-----------------+--------------+


3. Detailed Control Set Information
-----------------------------------

+-----------------------------------------------+----------------------------------------------------------------------------------------------------------------------------------------------+-----------------------------------------------------------------------------------------------------------------------------------------+------------------+----------------+
|                  Clock Signal                 |                                                                 Enable Signal                                                                |                                                             Set/Reset Signal                                                            | Slice Load Count | Bel Load Count |
+-----------------------------------------------+----------------------------------------------------------------------------------------------------------------------------------------------+-----------------------------------------------------------------------------------------------------------------------------------------+------------------+----------------+
|  system_i/processing_system7_0/inst/FCLK_CLK0 | system_i/processing_system7_0_axi_periph/s00_couplers/auto_pc/inst/gen_axilite.gen_b2s_conv.axilite_b2s/WR.b_channel_0/bid_fifo_0/bresp_push |                                                                                                                                         |                1 |              2 |
|  system_i/processing_system7_0/inst/FCLK_CLK0 | system_i/processing_system7_0_axi_periph/s00_couplers/auto_pc/inst/gen_axilite.gen_b2s_conv.axilite_b2s/WR.aw_channel_0/aw_cmd_fsm_0/O11[0]  |                                                                                                                                         |                2 |              4 |
|  system_i/processing_system7_0/inst/FCLK_CLK0 |                                                                                                                                              | system_i/btns_4bit/U0/gpio_core_1/Read_Reg_Rst                                                                                          |                2 |              4 |
|  system_i/processing_system7_0/inst/FCLK_CLK0 |                                                                                                                                              | system_i/btns_4bit/U0/AXI_LITE_IPIF_I/I_SLAVE_ATTACHMENT/clear                                                                          |                1 |              4 |
|  system_i/processing_system7_0/inst/FCLK_CLK0 |                                                                                                                                              | system_i/sw_4bit/U0/AXI_LITE_IPIF_I/I_SLAVE_ATTACHMENT/clear                                                                            |                1 |              4 |
|  system_i/processing_system7_0/inst/FCLK_CLK0 | system_i/processing_system7_0_axi_periph/s00_couplers/auto_pc/inst/gen_axilite.gen_b2s_conv.axilite_b2s/RD.ar_channel_0/ar_cmd_fsm_0/O12     |                                                                                                                                         |                1 |              4 |
|  system_i/processing_system7_0/inst/FCLK_CLK0 | system_i/processing_system7_0_axi_periph/s00_couplers/auto_pc/inst/gen_axilite.gen_b2s_conv.axilite_b2s/RD.ar_channel_0/ar_cmd_fsm_0/O12     | system_i/processing_system7_0_axi_periph/s00_couplers/auto_pc/inst/gen_axilite.gen_b2s_conv.axilite_b2s/RD.ar_channel_0/ar_cmd_fsm_0/O3 |                1 |              4 |
|  system_i/processing_system7_0/inst/FCLK_CLK0 | system_i/processing_system7_0_axi_periph/s00_couplers/auto_pc/inst/gen_axilite.gen_b2s_conv.axilite_b2s/RD.ar_channel_0/ar_cmd_fsm_0/O14[0]  |                                                                                                                                         |                2 |              4 |
|  system_i/processing_system7_0/inst/FCLK_CLK0 | system_i/processing_system7_0_axi_periph/s00_couplers/auto_pc/inst/gen_axilite.gen_b2s_conv.axilite_b2s/WR.aw_channel_0/aw_cmd_fsm_0/O13     | system_i/processing_system7_0_axi_periph/s00_couplers/auto_pc/inst/gen_axilite.gen_b2s_conv.axilite_b2s/WR.aw_channel_0/aw_cmd_fsm_0/O1 |                1 |              4 |
|  system_i/processing_system7_0/inst/FCLK_CLK0 | system_i/btns_4bit/U0/AXI_LITE_IPIF_I/I_SLAVE_ATTACHMENT/I_DECODER/O3[0]                                                                     | system_i/btns_4bit/U0/bus2ip_reset                                                                                                      |                2 |              4 |
|  system_i/processing_system7_0/inst/FCLK_CLK0 | system_i/btns_4bit/U0/AXI_LITE_IPIF_I/I_SLAVE_ATTACHMENT/n_0_s_axi_rdata_i[3]_i_1                                                            | system_i/btns_4bit/U0/bus2ip_reset                                                                                                      |                2 |              4 |
|  system_i/processing_system7_0/inst/FCLK_CLK0 | system_i/processing_system7_0_axi_periph/s00_couplers/auto_pc/inst/gen_axilite.gen_b2s_conv.axilite_b2s/WR.aw_channel_0/aw_cmd_fsm_0/O13     |                                                                                                                                         |                2 |              4 |
|  system_i/processing_system7_0/inst/FCLK_CLK0 |                                                                                                                                              | system_i/rst_processing_system7_0_100M/U0/EXT_LPF/lpf_int                                                                               |                2 |              5 |
|  system_i/processing_system7_0/inst/FCLK_CLK0 | system_i/rst_processing_system7_0_100M/U0/SEQ/seq_cnt_en                                                                                     | system_i/rst_processing_system7_0_100M/U0/SEQ/SEQ_COUNTER/clear                                                                         |                1 |              6 |
|  system_i/processing_system7_0/inst/FCLK_CLK0 | system_i/processing_system7_0_axi_periph/xbar/inst/gen_sasd.crossbar_sasd_0/addr_arbiter_inst/E[0]                                           |                                                                                                                                         |                3 |              7 |
|  system_i/processing_system7_0/inst/FCLK_CLK0 | system_i/processing_system7_0_axi_periph/xbar/inst/gen_sasd.crossbar_sasd_0/reg_slice_r/aa_rready                                            |                                                                                                                                         |                3 |              7 |
|  system_i/processing_system7_0/inst/FCLK_CLK0 |                                                                                                                                              | system_i/processing_system7_0_axi_periph/s00_couplers/auto_pc/inst/gen_axilite.gen_b2s_conv.axilite_b2s/SI_REG/ar_pipe/SR[0]            |                4 |              8 |
|  system_i/processing_system7_0/inst/FCLK_CLK0 | system_i/processing_system7_0_axi_periph/s00_couplers/auto_pc/inst/gen_axilite.gen_b2s_conv.axilite_b2s/WR.b_channel_0/mhandshake_r          | system_i/processing_system7_0_axi_periph/s00_couplers/auto_pc/inst/gen_axilite.gen_b2s_conv.axilite_b2s/WR.b_channel_0/bid_fifo_0/SR[0] |                3 |              8 |
|  system_i/processing_system7_0/inst/FCLK_CLK0 |                                                                                                                                              | system_i/processing_system7_0_axi_periph/xbar/inst/gen_sasd.crossbar_sasd_0/addr_arbiter_inst/SR[0]                                     |                4 |             10 |
|  system_i/processing_system7_0/inst/FCLK_CLK0 | system_i/processing_system7_0_axi_periph/s00_couplers/auto_pc/inst/gen_axilite.gen_b2s_conv.axilite_b2s/WR.aw_channel_0/aw_cmd_fsm_0/E[0]    |                                                                                                                                         |                6 |             12 |
|  system_i/processing_system7_0/inst/FCLK_CLK0 | system_i/processing_system7_0_axi_periph/s00_couplers/auto_pc/inst/gen_axilite.gen_b2s_conv.axilite_b2s/WR.aw_channel_0/aw_cmd_fsm_0/O14     |                                                                                                                                         |                3 |             12 |
|  system_i/processing_system7_0/inst/FCLK_CLK0 | system_i/processing_system7_0_axi_periph/s00_couplers/auto_pc/inst/gen_axilite.gen_b2s_conv.axilite_b2s/RD.ar_channel_0/ar_cmd_fsm_0/O16     |                                                                                                                                         |                3 |             12 |
|  system_i/processing_system7_0/inst/FCLK_CLK0 | system_i/processing_system7_0_axi_periph/s00_couplers/auto_pc/inst/gen_axilite.gen_b2s_conv.axilite_b2s/RD.ar_channel_0/ar_cmd_fsm_0/E[0]    |                                                                                                                                         |                4 |             12 |
|  system_i/processing_system7_0/inst/FCLK_CLK0 | system_i/processing_system7_0_axi_periph/s00_couplers/auto_pc/inst/gen_axilite.gen_b2s_conv.axilite_b2s/RD.ar_channel_0/ar_cmd_fsm_0/O13[0]  |                                                                                                                                         |                3 |             12 |
|  system_i/processing_system7_0/inst/FCLK_CLK0 | system_i/processing_system7_0_axi_periph/s00_couplers/auto_pc/inst/gen_axilite.gen_b2s_conv.axilite_b2s/WR.aw_channel_0/aw_cmd_fsm_0/O12[0]  |                                                                                                                                         |                5 |             12 |
|  system_i/processing_system7_0/inst/FCLK_CLK0 | system_i/processing_system7_0_axi_periph/s00_couplers/auto_pc/inst/gen_axilite.gen_b2s_conv.axilite_b2s/RD.r_channel_0/r_push_r              |                                                                                                                                         |                4 |             13 |
|  system_i/processing_system7_0/inst/FCLK_CLK0 |                                                                                                                                              | system_i/sw_4bit/U0/I_SLAVE_ATTACHMENT/rst                                                                                              |                4 |             14 |
|  system_i/processing_system7_0/inst/FCLK_CLK0 |                                                                                                                                              | system_i/btns_4bit/U0/bus2ip_reset                                                                                                      |                4 |             14 |
|  system_i/processing_system7_0/inst/FCLK_CLK0 | system_i/processing_system7_0_axi_periph/s00_couplers/auto_pc/inst/gen_axilite.gen_b2s_conv.axilite_b2s/SI_REG/b_pipe/O2                     |                                                                                                                                         |                2 |             14 |
|  system_i/processing_system7_0/inst/FCLK_CLK0 | system_i/processing_system7_0_axi_periph/s00_couplers/auto_pc/inst/gen_axilite.gen_b2s_conv.axilite_b2s/SI_REG/b_pipe/p_1_in                 |                                                                                                                                         |                2 |             14 |
|  system_i/processing_system7_0/inst/FCLK_CLK0 | system_i/processing_system7_0_axi_periph/xbar/inst/gen_sasd.crossbar_sasd_0/addr_arbiter_inst/p_0_in1_in                                     | system_i/processing_system7_0_axi_periph/xbar/inst/gen_sasd.crossbar_sasd_0/addr_arbiter_inst/SR[0]                                     |                5 |             19 |
|  system_i/processing_system7_0/inst/FCLK_CLK0 | system_i/processing_system7_0_axi_periph/s00_couplers/auto_pc/inst/gen_axilite.gen_b2s_conv.axilite_b2s/WR.aw_channel_0/aw_cmd_fsm_0/O2      |                                                                                                                                         |                4 |             20 |
|  system_i/processing_system7_0/inst/FCLK_CLK0 | system_i/processing_system7_0_axi_periph/s00_couplers/auto_pc/inst/gen_axilite.gen_b2s_conv.axilite_b2s/RD.r_channel_0/rd_data_fifo_0/wr_en0 |                                                                                                                                         |                9 |             34 |
|  system_i/processing_system7_0/inst/FCLK_CLK0 | system_i/processing_system7_0_axi_periph/s00_couplers/auto_pc/inst/gen_axilite.gen_b2s_conv.axilite_b2s/SI_REG/r_pipe/p_1_in                 |                                                                                                                                         |                8 |             47 |
|  system_i/processing_system7_0/inst/FCLK_CLK0 | system_i/processing_system7_0_axi_periph/s00_couplers/auto_pc/inst/gen_axilite.gen_b2s_conv.axilite_b2s/SI_REG/r_pipe/O2                     |                                                                                                                                         |                7 |             47 |
|  system_i/processing_system7_0/inst/FCLK_CLK0 | system_i/processing_system7_0_axi_periph/s00_couplers/auto_pc/inst/gen_axilite.gen_b2s_conv.axilite_b2s/RD.ar_channel_0/ar_cmd_fsm_0/O17[0]  |                                                                                                                                         |                9 |             48 |
|  system_i/processing_system7_0/inst/FCLK_CLK0 | system_i/processing_system7_0_axi_periph/s00_couplers/auto_pc/inst/gen_axilite.gen_b2s_conv.axilite_b2s/SI_REG/ar_pipe/O2                    |                                                                                                                                         |               10 |             48 |
|  system_i/processing_system7_0/inst/FCLK_CLK0 | system_i/processing_system7_0_axi_periph/s00_couplers/auto_pc/inst/gen_axilite.gen_b2s_conv.axilite_b2s/WR.aw_channel_0/aw_cmd_fsm_0/O15[0]  |                                                                                                                                         |                8 |             48 |
|  system_i/processing_system7_0/inst/FCLK_CLK0 | system_i/processing_system7_0_axi_periph/s00_couplers/auto_pc/inst/gen_axilite.gen_b2s_conv.axilite_b2s/SI_REG/aw_pipe/O2                    |                                                                                                                                         |                8 |             48 |
|  system_i/processing_system7_0/inst/FCLK_CLK0 |                                                                                                                                              | system_i/processing_system7_0_axi_periph/s00_couplers/auto_pc/inst/gen_axilite.gen_b2s_conv.axilite_b2s/areset_d1                       |               18 |             73 |
|  system_i/processing_system7_0/inst/FCLK_CLK0 |                                                                                                                                              |                                                                                                                                         |               58 |            161 |
+-----------------------------------------------+----------------------------------------------------------------------------------------------------------------------------------------------+-----------------------------------------------------------------------------------------------------------------------------------------+------------------+----------------+


