13:16:37.440 INFO  - Processing command line option -hwspec C:/xup/embedded/labs/lab1/lab1.sdk/SDK/SDK_Export/hw/system.xml. 
13:23:13.086 INFO  - Processor reset is completed for ps7_cortexa9_0 
13:23:13.195 INFO  - PS initialization will be done as it is not done before. 
13:23:13.195 INFO  - Running PS initialization.... 
13:23:13.507 INFO  - ps7_init is completed. 
13:23:13.617 INFO  - PS Initialization is complete. 
13:25:51.725 ERROR - Unexpected error while parsing XMD response ?: com.google.gson.JsonSyntaxException: com.google.gson.stream.MalformedJsonException: invalid number or unquoted string near  
07:35:54.492 INFO  - Processing command line option -hwspec C:/xup/embedded/labs/lab2/lab2.sdk/SDK/SDK_Export/hw/system.xml. 
07:35:54.738 INFO  - The hardware specification for project 'hw_platform_0' is different from C:/xup/embedded/labs/lab2/lab2.sdk/SDK/SDK_Export/hw/system.xml. 
07:35:54.776 INFO  - Copied contents of C:/xup/embedded/labs/lab2/lab2.sdk/SDK/SDK_Export/hw/system.xml into \hw_platform_0\system.xml. 
07:35:54.792 INFO  - Copied contents of C:\xup\embedded\labs\lab2\lab2.sdk\SDK\SDK_Export\hw\system_wrapper.bit into \hw_platform_0\system.bit. 
07:35:54.990 INFO  - Copied contents of C:\xup\embedded\labs\lab2\lab2.sdk\SDK\SDK_Export\hw\ps7_init.c into \hw_platform_0\ps7_init.c. 
07:35:55.004 INFO  - Copied contents of C:\xup\embedded\labs\lab2\lab2.sdk\SDK\SDK_Export\hw\ps7_init.h into \hw_platform_0\ps7_init.h. 
07:35:55.053 INFO  - Copied contents of C:\xup\embedded\labs\lab2\lab2.sdk\SDK\SDK_Export\hw\ps7_init.html into \hw_platform_0\ps7_init.html. 
07:35:55.055 INFO  - Copied contents of C:\xup\embedded\labs\lab2\lab2.sdk\SDK\SDK_Export\hw\ps7_summary.html into \hw_platform_0\ps7_summary.html. 
07:35:55.068 INFO  - Copied contents of C:\xup\embedded\labs\lab2\lab2.sdk\SDK\SDK_Export\hw\ps7_init.tcl into \hw_platform_0\ps7_init.tcl. 
07:35:55.262 INFO  - Synchronizing projects in the workspace with the hardware platform specification changes. 
07:35:56.677 INFO  - Updating MSS for Board Support Package Project: mem_test_bsp.
		 The following new driver assignments were made:
			Peripheral Instance: btns_4bit, driver: gpio_v3_01_a.
			Peripheral Instance: sw_4bit, driver: gpio_v3_01_a.
 
07:36:21.342 INFO  - Updating hardware inferred compiler options for mem_test. 
07:36:21.347 INFO  - Clearing existing target manager status. 
07:36:23.720 INFO  - Closing and re-opening the MSS file of ther project mem_test_bsp 
07:36:25.491 INFO  - Workspace synchronized with the new hardware specification file. Cleaning dependent projects... 
07:54:26.039 INFO  - FPGA configured successfully with bitstream "C:/xup/embedded/labs/lab2/lab2.sdk/SDK/SDK_Export/hw_platform_0/system.bit" 
07:54:55.017 INFO  - Processor reset is completed for ps7_cortexa9_0 
07:54:55.117 INFO  - PS initialization will be done as it is not done before. 
07:54:55.117 INFO  - Running PS initialization.... 
07:54:55.275 INFO  - ps7_init is completed. 
07:54:55.375 INFO  - ps7_post_config is completed. 
07:54:55.475 INFO  - PS Initialization is complete. 
08:04:35.543 ERROR - Unexpected error while parsing XMD response ?: com.google.gson.JsonSyntaxException: com.google.gson.stream.MalformedJsonException: invalid number or unquoted string near  
22:57:33.646 INFO  - Processing command line option -hwspec D:/zoby1/labs/lab4/lab4.sdk/SDK/SDK_Export/hw/system.xml. 
22:57:36.760 INFO  - The hardware specification for project 'hw_platform_0' is different from D:/zoby1/labs/lab4/lab4.sdk/SDK/SDK_Export/hw/system.xml. 
22:57:36.885 INFO  - Copied contents of D:/zoby1/labs/lab4/lab4.sdk/SDK/SDK_Export/hw/system.xml into \hw_platform_0\system.xml. 
22:57:36.916 INFO  - Copied contents of D:\zoby1\labs\lab4\lab4.sdk\SDK\SDK_Export\hw\system_wrapper.bit into \hw_platform_0\system_wrapper.bit. 
22:57:36.916 INFO  - Copied contents of D:\zoby1\labs\lab4\lab4.sdk\SDK\SDK_Export\hw\system_wrapper_bd.bmm into \hw_platform_0\system_bd.bmm. 
22:57:42.439 INFO  - Copied contents of D:\zoby1\labs\lab4\lab4.sdk\SDK\SDK_Export\hw\ps7_init.c into \hw_platform_0\ps7_init.c. 
22:57:42.439 INFO  - Copied contents of D:\zoby1\labs\lab4\lab4.sdk\SDK\SDK_Export\hw\ps7_init.h into \hw_platform_0\ps7_init.h. 
22:57:42.454 INFO  - Copied contents of D:\zoby1\labs\lab4\lab4.sdk\SDK\SDK_Export\hw\ps7_init.html into \hw_platform_0\ps7_init.html. 
22:57:42.454 INFO  - Copied contents of D:\zoby1\labs\lab4\lab4.sdk\SDK\SDK_Export\hw\ps7_summary.html into \hw_platform_0\ps7_summary.html. 
22:57:42.454 INFO  - Copied contents of D:\zoby1\labs\lab4\lab4.sdk\SDK\SDK_Export\hw\ps7_init.tcl into \hw_platform_0\ps7_init.tcl. 
22:57:42.726 INFO  - Synchronizing projects in the workspace with the hardware platform specification changes. 
22:57:44.504 ERROR - Exception while attemping to 'diff' files D:\zoby1\labs\lab4\lab4.sdk\SDK\SDK_Export\hw_platform_0\system_wrapper_bd.bmm and D:\zoby1\labs\lab4\lab4.sdk\SDK\SDK_Export\hw\system_wrapper_bd.bmm. 
22:57:44.504 INFO  - Updating .bit and .bmm files from XPS's export folder. 
22:57:48.420 INFO  - Updating MSS for Board Support Package Project: standalone_bsp_0.
		 The following new driver assignments were made:
			Peripheral Instance: axi_bram_ctrl_0, driver: bram_v3_03_a.
			Peripheral Instance: led_ip, driver: generic_v1_00_a.
 
22:58:34.900 INFO  - Copied contents of D:\zoby1\labs\lab4\lab4.sdk\SDK\SDK_Export\hw\system_wrapper.bit into \hw_platform_0\system_wrapper.bit. 
22:58:34.900 INFO  - Copied contents of D:\zoby1\labs\lab4\lab4.sdk\SDK\SDK_Export\hw\system_wrapper_bd.bmm into \hw_platform_0\system_wrapper_bd.bmm. 
22:58:35.717 INFO  - Updating hardware inferred compiler options for TestApp. 
22:58:35.717 INFO  - Clearing existing target manager status. 
22:58:39.226 ERROR - Unexpected error while obtaining referenced S/W project {} org.eclipse.core.internal.resources.ResourceException: Resource '/mem_test' is not open.
	at org.eclipse.core.internal.resources.Project.checkAccessible(Project.java:150)
	at org.eclipse.core.internal.resources.Project.getReferencedProjects(Project.java:521)

22:58:39.226 ERROR - Unexpected error while obtaining referenced S/W project {} org.eclipse.core.internal.resources.ResourceException: Resource '/mem_test_bsp' is not open.
	at org.eclipse.core.internal.resources.Project.checkAccessible(Project.java:150)
	at org.eclipse.core.internal.resources.Project.getReferencedProjects(Project.java:521)

23:32:32.113 INFO  - Saving repository preferences. 
23:32:32.116 INFO  - Reading in cores from local repositories: 
		 D:\zoby1\lab3\led_ip\led_ip_1.0 
23:32:32.120 INFO  - Updating libgen.options on all BSP projects. 
23:32:32.120 INFO  - Cleaning BSP projects in the workspace. 
23:35:00.154 INFO  - Settings changed on project standalone_bsp_0. Triggering a rebuild... 
23:35:01.146 INFO  - Refreshed build settings on project lab4 
23:54:05.664 INFO  - FPGA configured successfully with bitstream "D:/zoby1/labs/lab4/lab4.sdk/SDK/SDK_Export/hw_platform_0/system_wrapper.bit" 
23:54:32.347 INFO  - Processor reset is completed for ps7_cortexa9_0 
23:54:32.448 INFO  - PS initialization will be done as it is not done before. 
23:54:32.448 INFO  - Running PS initialization.... 
23:54:32.639 INFO  - ps7_init is completed. 
23:54:32.739 INFO  - ps7_post_config is completed. 
23:54:32.839 INFO  - PS Initialization is complete. 
23:55:13.882 INFO  - ps7_cortexa9_0 Processor is in use. Please stop existing Run or Debug sessions before launching. 
23:55:20.362 INFO  - Processor reset is completed for ps7_cortexa9_0 
23:57:55.590 INFO  - Processor reset is completed for ps7_cortexa9_0 
00:01:28.978 INFO  - Successfully generated D:\zoby1\labs\lab4output.ld. 
00:07:41.582 INFO  - Successfully generated D:\zoby1\labs\lab4\lab4.sdk\SDK\SDK_Export\lab4\Debug\output.ld. 
00:11:29.703 INFO  - Successfully generated D:\zoby1\labs\lab4\lab4.sdk\SDK\SDK_Export\lab4\Debug\output1.ld. 
00:16:50.604 INFO  - Processor reset is completed for ps7_cortexa9_0 
00:17:56.135 INFO  - Successfully generated D:\zoby1\labs\lab4\lab4.sdk\SDK\SDK_Export\lab4\Debug\output2.ld. 
00:18:40.526 INFO  - Processor reset is completed for ps7_cortexa9_0 
00:19:55.525 INFO  - Processor reset is completed for ps7_cortexa9_0 
00:20:29.339 ERROR - Unexpected error while fetching XMD's response:  java.net.SocketException: Connection reset
	at java.net.SocketInputStream.read(Unknown Source)
	at sun.nio.cs.StreamDecoder.readBytes(Unknown Source)

00:20:29.339 ERROR - Zero sized response read from XMD. This indicates a communication error or a programming error. 
